{"C:\\Users\\João\\Documents\\Desafio-Frontend\\src\\components\\EmptyState\\EmptyState.tsx": {"path":"C:\\Users\\João\\Documents\\Desafio-Frontend\\src\\components\\EmptyState\\EmptyState.tsx","statementMap":{"0":{"start":{"line":8,"column":0},"end":{"line":8,"column":16}},"1":{"start":{"line":1,"column":0},"end":{"line":1,"column":46}},"2":{"start":{"line":12,"column":2},"end":{"line":17,"column":4}}},"fnMap":{"0":{"name":"EmptyState","decl":{"start":{"line":8,"column":16},"end":{"line":8,"column":26}},"loc":{"start":{"line":11,"column":18},"end":{"line":18,"column":1}}}},"branchMap":{"0":{"loc":{"start":{"line":9,"column":2},"end":{"line":9,"column":39}},"type":"default-arg","locations":[{"start":{"line":9,"column":10},"end":{"line":9,"column":39}}]},"1":{"loc":{"start":{"line":10,"column":2},"end":{"line":10,"column":53}},"type":"default-arg","locations":[{"start":{"line":10,"column":13},"end":{"line":10,"column":53}}]}},"s":{"0":3,"1":3,"2":5},"f":{"0":5},"b":{"0":[4],"1":[4]}}
,"C:\\Users\\João\\Documents\\Desafio-Frontend\\src\\components\\Pagination\\Pagination.tsx": {"path":"C:\\Users\\João\\Documents\\Desafio-Frontend\\src\\components\\Pagination\\Pagination.tsx","statementMap":{"0":{"start":{"line":9,"column":0},"end":{"line":9,"column":16}},"1":{"start":{"line":1,"column":0},"end":{"line":1,"column":46}},"2":{"start":{"line":10,"column":25},"end":{"line":26,"column":3}},"3":{"start":{"line":11,"column":28},"end":{"line":11,"column":30}},"4":{"start":{"line":12,"column":23},"end":{"line":12,"column":24}},"5":{"start":{"line":14,"column":20},"end":{"line":14,"column":73}},"6":{"start":{"line":15,"column":20},"end":{"line":15,"column":68}},"7":{"start":{"line":17,"column":4},"end":{"line":19,"column":5}},"8":{"start":{"line":18,"column":6},"end":{"line":18,"column":56}},"9":{"start":{"line":21,"column":4},"end":{"line":23,"column":5}},"10":{"start":{"line":21,"column":17},"end":{"line":21,"column":26}},"11":{"start":{"line":22,"column":6},"end":{"line":22,"column":20}},"12":{"start":{"line":25,"column":4},"end":{"line":25,"column":17}},"13":{"start":{"line":28,"column":25},"end":{"line":32,"column":3}},"14":{"start":{"line":29,"column":4},"end":{"line":31,"column":5}},"15":{"start":{"line":30,"column":6},"end":{"line":30,"column":36}},"16":{"start":{"line":34,"column":21},"end":{"line":38,"column":3}},"17":{"start":{"line":35,"column":4},"end":{"line":37,"column":5}},"18":{"start":{"line":36,"column":6},"end":{"line":36,"column":36}},"19":{"start":{"line":40,"column":22},"end":{"line":40,"column":38}},"20":{"start":{"line":42,"column":2},"end":{"line":80,"column":4}},"21":{"start":{"line":55,"column":25},"end":{"line":55,"column":45}},"22":{"start":{"line":56,"column":8},"end":{"line":67,"column":10}},"23":{"start":{"line":61,"column":27},"end":{"line":61,"column":45}}},"fnMap":{"0":{"name":"Pagination","decl":{"start":{"line":9,"column":16},"end":{"line":9,"column":26}},"loc":{"start":{"line":9,"column":90},"end":{"line":81,"column":1}}},"1":{"name":"(anonymous_2)","decl":{"start":{"line":10,"column":25},"end":{"line":10,"column":28}},"loc":{"start":{"line":10,"column":30},"end":{"line":26,"column":3}}},"2":{"name":"(anonymous_3)","decl":{"start":{"line":28,"column":25},"end":{"line":28,"column":28}},"loc":{"start":{"line":28,"column":30},"end":{"line":32,"column":3}}},"3":{"name":"(anonymous_4)","decl":{"start":{"line":34,"column":21},"end":{"line":34,"column":24}},"loc":{"start":{"line":34,"column":26},"end":{"line":38,"column":3}}},"4":{"name":"(anonymous_5)","decl":{"start":{"line":54,"column":23},"end":{"line":54,"column":24}},"loc":{"start":{"line":54,"column":32},"end":{"line":68,"column":7}}},"5":{"name":"(anonymous_6)","decl":{"start":{"line":61,"column":21},"end":{"line":61,"column":24}},"loc":{"start":{"line":61,"column":27},"end":{"line":61,"column":45}}}},"branchMap":{"0":{"loc":{"start":{"line":9,"column":42},"end":{"line":9,"column":57}},"type":"default-arg","locations":[{"start":{"line":9,"column":55},"end":{"line":9,"column":57}}]},"1":{"loc":{"start":{"line":17,"column":4},"end":{"line":19,"column":5}},"type":"if","locations":[{"start":{"line":17,"column":4},"end":{"line":19,"column":5}},{"start":{},"end":{}}]},"2":{"loc":{"start":{"line":29,"column":4},"end":{"line":31,"column":5}},"type":"if","locations":[{"start":{"line":29,"column":4},"end":{"line":31,"column":5}},{"start":{},"end":{}}]},"3":{"loc":{"start":{"line":35,"column":4},"end":{"line":37,"column":5}},"type":"if","locations":[{"start":{"line":35,"column":4},"end":{"line":37,"column":5}},{"start":{},"end":{}}]},"4":{"loc":{"start":{"line":60,"column":47},"end":{"line":60,"column":80}},"type":"cond-expr","locations":[{"start":{"line":60,"column":58},"end":{"line":60,"column":75}},{"start":{"line":60,"column":78},"end":{"line":60,"column":80}}]},"5":{"loc":{"start":{"line":62,"column":26},"end":{"line":62,"column":55}},"type":"cond-expr","locations":[{"start":{"line":62,"column":37},"end":{"line":62,"column":43}},{"start":{"line":62,"column":46},"end":{"line":62,"column":55}}]}},"s":{"0":2,"1":2,"2":6,"3":6,"4":6,"5":6,"6":6,"7":6,"8":2,"9":6,"10":6,"11":23,"12":6,"13":6,"14":1,"15":1,"16":6,"17":1,"18":1,"19":6,"20":6,"21":23,"22":23,"23":1},"f":{"0":6,"1":6,"2":1,"3":1,"4":23,"5":1},"b":{"0":[0],"1":[2,4],"2":[1,0],"3":[1,0],"4":[5,18],"5":[5,18]}}
,"C:\\Users\\João\\Documents\\Desafio-Frontend\\src\\components\\SearchBar\\SearchBar.tsx": {"path":"C:\\Users\\João\\Documents\\Desafio-Frontend\\src\\components\\SearchBar\\SearchBar.tsx","statementMap":{"0":{"start":{"line":11,"column":0},"end":{"line":11,"column":16}},"1":{"start":{"line":1,"column":0},"end":{"line":1,"column":52}},"2":{"start":{"line":3,"column":0},"end":{"line":3,"column":50}},"3":{"start":{"line":4,"column":0},"end":{"line":4,"column":45}},"4":{"start":{"line":12,"column":28},"end":{"line":12,"column":65}},"5":{"start":{"line":14,"column":25},"end":{"line":14,"column":48}},"6":{"start":{"line":16,"column":22},"end":{"line":16,"column":38}},"7":{"start":{"line":17,"column":2},"end":{"line":19,"column":17}},"8":{"start":{"line":18,"column":4},"end":{"line":18,"column":35}},"9":{"start":{"line":21,"column":2},"end":{"line":25,"column":23}},"10":{"start":{"line":22,"column":4},"end":{"line":24,"column":7}},"11":{"start":{"line":27,"column":2},"end":{"line":44,"column":4}},"12":{"start":{"line":28,"column":62},"end":{"line":28,"column":80}},"13":{"start":{"line":36,"column":27},"end":{"line":36,"column":51}}},"fnMap":{"0":{"name":"SearchBar","decl":{"start":{"line":11,"column":16},"end":{"line":11,"column":25}},"loc":{"start":{"line":11,"column":70},"end":{"line":45,"column":1}}},"1":{"name":"(anonymous_2)","decl":{"start":{"line":17,"column":12},"end":{"line":17,"column":15}},"loc":{"start":{"line":17,"column":17},"end":{"line":19,"column":3}}},"2":{"name":"(anonymous_3)","decl":{"start":{"line":21,"column":12},"end":{"line":21,"column":15}},"loc":{"start":{"line":21,"column":17},"end":{"line":25,"column":3}}},"3":{"name":"(anonymous_4)","decl":{"start":{"line":28,"column":55},"end":{"line":28,"column":56}},"loc":{"start":{"line":28,"column":62},"end":{"line":28,"column":80}}},"4":{"name":"(anonymous_5)","decl":{"start":{"line":36,"column":20},"end":{"line":36,"column":21}},"loc":{"start":{"line":36,"column":27},"end":{"line":36,"column":51}}}},"branchMap":{"0":{"loc":{"start":{"line":12,"column":37},"end":{"line":12,"column":64}},"type":"cond-expr","locations":[{"start":{"line":12,"column":58},"end":{"line":12,"column":62}},{"start":{"line":12,"column":62},"end":{"line":12,"column":64}}]},"1":{"loc":{"start":{"line":12,"column":37},"end":{"line":12,"column":62}},"type":"binary-expr","locations":[{"start":{"line":12,"column":37},"end":{"line":12,"column":62}},{"start":{"line":12,"column":58},"end":{"line":12,"column":62}}]},"2":{"loc":{"start":{"line":12,"column":37},"end":{"line":12,"column":58}},"type":"cond-expr","locations":[{"start":{"line":12,"column":51},"end":{"line":12,"column":53}},{"start":{"line":12,"column":37},"end":{"line":12,"column":58}}]},"3":{"loc":{"start":{"line":12,"column":37},"end":{"line":12,"column":53}},"type":"binary-expr","locations":[{"start":{"line":12,"column":37},"end":{"line":12,"column":53}},{"start":{"line":12,"column":37},"end":{"line":12,"column":53}}]}},"s":{"0":2,"1":2,"2":2,"3":2,"4":8,"5":8,"6":8,"7":8,"8":6,"9":8,"10":7,"11":8,"12":0,"13":1},"f":{"0":8,"1":6,"2":7,"3":0,"4":1},"b":{"0":[0,8],"1":[8,8],"2":[8,0],"3":[8,8]}}
,"C:\\Users\\João\\Documents\\Desafio-Frontend\\src\\components\\TestCard\\TestCard.tsx": {"path":"C:\\Users\\João\\Documents\\Desafio-Frontend\\src\\components\\TestCard\\TestCard.tsx","statementMap":{"0":{"start":{"line":3,"column":0},"end":{"line":3,"column":16}},"1":{"start":{"line":1,"column":0},"end":{"line":1,"column":44}},"2":{"start":{"line":4,"column":2},"end":{"line":9,"column":4}}},"fnMap":{"0":{"name":"TestCard","decl":{"start":{"line":3,"column":16},"end":{"line":3,"column":24}},"loc":{"start":{"line":3,"column":24},"end":{"line":10,"column":1}}}},"branchMap":{},"s":{"0":1,"1":1,"2":1},"f":{"0":1},"b":{}}
,"C:\\Users\\João\\Documents\\Desafio-Frontend\\src\\components\\UserList\\UserList.tsx": {"path":"C:\\Users\\João\\Documents\\Desafio-Frontend\\src\\components\\UserList\\UserList.tsx","statementMap":{"0":{"start":{"line":14,"column":0},"end":{"line":14,"column":16}},"1":{"start":{"line":1,"column":0},"end":{"line":1,"column":40}},"2":{"start":{"line":2,"column":0},"end":{"line":2,"column":56}},"3":{"start":{"line":4,"column":0},"end":{"line":4,"column":64}},"4":{"start":{"line":5,"column":0},"end":{"line":5,"column":44}},"5":{"start":{"line":20,"column":29},"end":{"line":20,"column":47}},"6":{"start":{"line":22,"column":28},"end":{"line":30,"column":4}},"7":{"start":{"line":32,"column":23},"end":{"line":35,"column":4}},"8":{"start":{"line":36,"column":2},"end":{"line":38,"column":3}},"9":{"start":{"line":37,"column":4},"end":{"line":37,"column":69}},"10":{"start":{"line":40,"column":2},"end":{"line":85,"column":3}},"11":{"start":{"line":41,"column":4},"end":{"line":84,"column":6}},"12":{"start":{"line":57,"column":14},"end":{"line":57,"column":37}},"13":{"start":{"line":87,"column":2},"end":{"line":89,"column":3}},"14":{"start":{"line":88,"column":4},"end":{"line":88,"column":26}},"15":{"start":{"line":91,"column":21},"end":{"line":98,"column":3}},"16":{"start":{"line":92,"column":4},"end":{"line":97,"column":5}},"17":{"start":{"line":93,"column":19},"end":{"line":93,"column":39}},"18":{"start":{"line":94,"column":6},"end":{"line":94,"column":46}},"19":{"start":{"line":96,"column":6},"end":{"line":96,"column":24}},"20":{"start":{"line":100,"column":2},"end":{"line":140,"column":4}},"21":{"start":{"line":116,"column":30},"end":{"line":116,"column":82}},"22":{"start":{"line":117,"column":34},"end":{"line":117,"column":96}},"23":{"start":{"line":119,"column":12},"end":{"line":135,"column":14}}},"fnMap":{"0":{"name":"UserList","decl":{"start":{"line":14,"column":16},"end":{"line":14,"column":24}},"loc":{"start":{"line":19,"column":16},"end":{"line":141,"column":1}}},"1":{"name":"(anonymous_2)","decl":{"start":{"line":56,"column":43},"end":{"line":56,"column":44}},"loc":{"start":{"line":57,"column":14},"end":{"line":57,"column":37}}},"2":{"name":"(anonymous_3)","decl":{"start":{"line":91,"column":21},"end":{"line":91,"column":22}},"loc":{"start":{"line":91,"column":44},"end":{"line":98,"column":3}}},"3":{"name":"(anonymous_4)","decl":{"start":{"line":115,"column":21},"end":{"line":115,"column":22}},"loc":{"start":{"line":115,"column":30},"end":{"line":136,"column":11}}}},"branchMap":{"0":{"loc":{"start":{"line":15,"column":2},"end":{"line":15,"column":12}},"type":"default-arg","locations":[{"start":{"line":15,"column":10},"end":{"line":15,"column":12}}]},"1":{"loc":{"start":{"line":16,"column":2},"end":{"line":16,"column":19}},"type":"default-arg","locations":[{"start":{"line":16,"column":14},"end":{"line":16,"column":19}}]},"2":{"loc":{"start":{"line":17,"column":2},"end":{"line":17,"column":17}},"type":"default-arg","locations":[{"start":{"line":17,"column":12},"end":{"line":17,"column":17}}]},"3":{"loc":{"start":{"line":18,"column":2},"end":{"line":18,"column":57}},"type":"default-arg","locations":[{"start":{"line":18,"column":17},"end":{"line":18,"column":57}}]},"4":{"loc":{"start":{"line":33,"column":29},"end":{"line":33,"column":56}},"type":"cond-expr","locations":[{"start":{"line":33,"column":50},"end":{"line":33,"column":51}},{"start":{"line":33,"column":54},"end":{"line":33,"column":56}}]},"5":{"loc":{"start":{"line":36,"column":2},"end":{"line":38,"column":3}},"type":"if","locations":[{"start":{"line":36,"column":2},"end":{"line":38,"column":3}},{"start":{},"end":{}}]},"6":{"loc":{"start":{"line":40,"column":2},"end":{"line":85,"column":3}},"type":"if","locations":[{"start":{"line":40,"column":2},"end":{"line":85,"column":3}},{"start":{},"end":{}}]},"7":{"loc":{"start":{"line":87,"column":2},"end":{"line":89,"column":3}},"type":"if","locations":[{"start":{"line":87,"column":2},"end":{"line":89,"column":3}},{"start":{},"end":{}}]},"8":{"loc":{"start":{"line":116,"column":30},"end":{"line":116,"column":82}},"type":"cond-expr","locations":[{"start":{"line":116,"column":48},"end":{"line":116,"column":76}},{"start":{"line":116,"column":79},"end":{"line":116,"column":82}}]},"9":{"loc":{"start":{"line":117,"column":34},"end":{"line":117,"column":96}},"type":"cond-expr","locations":[{"start":{"line":117,"column":58},"end":{"line":117,"column":90}},{"start":{"line":117,"column":93},"end":{"line":117,"column":96}}]},"10":{"loc":{"start":{"line":117,"column":34},"end":{"line":117,"column":55}},"type":"cond-expr","locations":[{"start":{"line":117,"column":49},"end":{"line":117,"column":51}},{"start":{"line":117,"column":49},"end":{"line":117,"column":55}}]},"11":{"loc":{"start":{"line":117,"column":34},"end":{"line":117,"column":51}},"type":"binary-expr","locations":[{"start":{"line":117,"column":34},"end":{"line":117,"column":51}},{"start":{"line":117,"column":49},"end":{"line":117,"column":51}}]},"12":{"loc":{"start":{"line":126,"column":51},"end":{"line":126,"column":73}},"type":"binary-expr","locations":[{"start":{"line":126,"column":51},"end":{"line":126,"column":66}},{"start":{"line":126,"column":70},"end":{"line":126,"column":73}}]},"13":{"loc":{"start":{"line":128,"column":51},"end":{"line":128,"column":71}},"type":"cond-expr","locations":[{"start":{"line":128,"column":64},"end":{"line":128,"column":68}},{"start":{"line":128,"column":68},"end":{"line":128,"column":71}}]},"14":{"loc":{"start":{"line":128,"column":51},"end":{"line":128,"column":68}},"type":"binary-expr","locations":[{"start":{"line":128,"column":51},"end":{"line":128,"column":68}},{"start":{"line":128,"column":64},"end":{"line":128,"column":68}}]},"15":{"loc":{"start":{"line":128,"column":51},"end":{"line":128,"column":64}},"type":"cond-expr","locations":[{"start":{"line":128,"column":59},"end":{"line":128,"column":61}},{"start":{"line":128,"column":59},"end":{"line":128,"column":64}}]},"16":{"loc":{"start":{"line":128,"column":51},"end":{"line":128,"column":61}},"type":"binary-expr","locations":[{"start":{"line":128,"column":51},"end":{"line":128,"column":61}},{"start":{"line":128,"column":59},"end":{"line":128,"column":61}}]}},"s":{"0":2,"1":2,"2":2,"3":2,"4":2,"5":8,"6":8,"7":8,"8":8,"9":2,"10":6,"11":2,"12":10,"13":4,"14":3,"15":1,"16":2,"17":2,"18":2,"19":0,"20":1,"21":2,"22":2,"23":2},"f":{"0":8,"1":10,"2":2,"3":2},"b":{"0":[2],"1":[3],"2":[3],"3":[7],"4":[0,8],"5":[2,6],"6":[2,4],"7":[3,1],"8":[2,0],"9":[2,0],"10":[0,2],"11":[2,2],"12":[2,0],"13":[2,0],"14":[2,2],"15":[0,2],"16":[2,2]}}
,"C:\\Users\\João\\Documents\\Desafio-Frontend\\src\\hooks\\useDebounce.ts": {"path":"C:\\Users\\João\\Documents\\Desafio-Frontend\\src\\hooks\\useDebounce.ts","statementMap":{"0":{"start":{"line":3,"column":0},"end":{"line":3,"column":16}},"1":{"start":{"line":1,"column":0},"end":{"line":1,"column":44}},"2":{"start":{"line":4,"column":46},"end":{"line":4,"column":64}},"3":{"start":{"line":6,"column":2},"end":{"line":14,"column":21}},"4":{"start":{"line":7,"column":18},"end":{"line":9,"column":13}},"5":{"start":{"line":8,"column":6},"end":{"line":8,"column":31}},"6":{"start":{"line":11,"column":4},"end":{"line":13,"column":6}},"7":{"start":{"line":12,"column":6},"end":{"line":12,"column":26}},"8":{"start":{"line":16,"column":2},"end":{"line":16,"column":24}}},"fnMap":{"0":{"name":"useDebounce","decl":{"start":{"line":3,"column":16},"end":{"line":3,"column":27}},"loc":{"start":{"line":3,"column":60},"end":{"line":17,"column":1}}},"1":{"name":"(anonymous_1)","decl":{"start":{"line":6,"column":12},"end":{"line":6,"column":15}},"loc":{"start":{"line":6,"column":17},"end":{"line":14,"column":3}}},"2":{"name":"(anonymous_2)","decl":{"start":{"line":7,"column":29},"end":{"line":7,"column":32}},"loc":{"start":{"line":7,"column":34},"end":{"line":9,"column":5}}},"3":{"name":"(anonymous_3)","decl":{"start":{"line":11,"column":11},"end":{"line":11,"column":14}},"loc":{"start":{"line":11,"column":16},"end":{"line":13,"column":5}}}},"branchMap":{"0":{"loc":{"start":{"line":3,"column":41},"end":{"line":3,"column":60}},"type":"default-arg","locations":[{"start":{"line":3,"column":57},"end":{"line":3,"column":60}}]}},"s":{"0":3,"1":3,"2":12,"3":12,"4":10,"5":2,"6":10,"7":10,"8":12},"f":{"0":12,"1":10,"2":2,"3":10},"b":{"0":[0]}}
,"C:\\Users\\João\\Documents\\Desafio-Frontend\\src\\hooks\\useUser.ts": {"path":"C:\\Users\\João\\Documents\\Desafio-Frontend\\src\\hooks\\useUser.ts","statementMap":{"0":{"start":{"line":6,"column":0},"end":{"line":6,"column":16}},"1":{"start":{"line":1,"column":0},"end":{"line":1,"column":55}},"2":{"start":{"line":2,"column":0},"end":{"line":2,"column":44}},"3":{"start":{"line":3,"column":0},"end":{"line":3,"column":53}},"4":{"start":{"line":7,"column":22},"end":{"line":7,"column":38}},"5":{"start":{"line":8,"column":40},"end":{"line":8,"column":50}},"6":{"start":{"line":10,"column":33},"end":{"line":10,"column":63}},"7":{"start":{"line":12,"column":2},"end":{"line":17,"column":4}}},"fnMap":{"0":{"name":"useUser","decl":{"start":{"line":6,"column":16},"end":{"line":6,"column":23}},"loc":{"start":{"line":6,"column":36},"end":{"line":18,"column":1}}}},"branchMap":{},"s":{"0":2,"1":2,"2":2,"3":2,"4":4,"5":4,"6":4,"7":4},"f":{"0":4},"b":{}}
,"C:\\Users\\João\\Documents\\Desafio-Frontend\\src\\hooks\\useUserSearch.ts": {"path":"C:\\Users\\João\\Documents\\Desafio-Frontend\\src\\hooks\\useUserSearch.ts","statementMap":{"0":{"start":{"line":12,"column":0},"end":{"line":12,"column":16}},"1":{"start":{"line":1,"column":0},"end":{"line":1,"column":32}},"2":{"start":{"line":18,"column":2},"end":{"line":90,"column":46}},"3":{"start":{"line":19,"column":4},"end":{"line":26,"column":5}},"4":{"start":{"line":20,"column":6},"end":{"line":25,"column":8}},"5":{"start":{"line":28,"column":25},"end":{"line":28,"column":67}},"6":{"start":{"line":29,"column":25},"end":{"line":29,"column":71}},"7":{"start":{"line":30,"column":24},"end":{"line":30,"column":69}},"8":{"start":{"line":31,"column":23},"end":{"line":31,"column":49}},"9":{"start":{"line":32,"column":22},"end":{"line":32,"column":67}},"10":{"start":{"line":35,"column":6},"end":{"line":38,"column":47}},"11":{"start":{"line":41,"column":26},"end":{"line":76,"column":6}},"12":{"start":{"line":43,"column":6},"end":{"line":58,"column":7}},"13":{"start":{"line":44,"column":26},"end":{"line":44,"column":64}},"14":{"start":{"line":45,"column":25},"end":{"line":45,"column":62}},"15":{"start":{"line":46,"column":25},"end":{"line":46,"column":51}},"16":{"start":{"line":47,"column":22},"end":{"line":47,"column":60}},"17":{"start":{"line":48,"column":23},"end":{"line":48,"column":50}},"18":{"start":{"line":51,"column":10},"end":{"line":55,"column":33}},"19":{"start":{"line":57,"column":8},"end":{"line":57,"column":40}},"20":{"start":{"line":57,"column":27},"end":{"line":57,"column":40}},"21":{"start":{"line":61,"column":6},"end":{"line":63,"column":7}},"22":{"start":{"line":62,"column":8},"end":{"line":62,"column":21}},"23":{"start":{"line":65,"column":6},"end":{"line":67,"column":7}},"24":{"start":{"line":66,"column":8},"end":{"line":66,"column":21}},"25":{"start":{"line":69,"column":6},"end":{"line":73,"column":7}},"26":{"start":{"line":70,"column":8},"end":{"line":72,"column":9}},"27":{"start":{"line":71,"column":10},"end":{"line":71,"column":23}},"28":{"start":{"line":75,"column":6},"end":{"line":75,"column":18}},"29":{"start":{"line":78,"column":23},"end":{"line":78,"column":78}},"30":{"start":{"line":79,"column":22},"end":{"line":79,"column":55}},"31":{"start":{"line":81,"column":23},"end":{"line":81,"column":49}},"32":{"start":{"line":82,"column":27},"end":{"line":82,"column":81}},"33":{"start":{"line":84,"column":4},"end":{"line":89,"column":6}}},"fnMap":{"0":{"name":"useUserSearch","decl":{"start":{"line":12,"column":16},"end":{"line":12,"column":29}},"loc":{"start":{"line":16,"column":23},"end":{"line":91,"column":1}}},"1":{"name":"(anonymous_1)","decl":{"start":{"line":18,"column":17},"end":{"line":18,"column":20}},"loc":{"start":{"line":18,"column":22},"end":{"line":90,"column":3}}},"2":{"name":"(anonymous_2)","decl":{"start":{"line":41,"column":39},"end":{"line":41,"column":40}},"loc":{"start":{"line":41,"column":48},"end":{"line":76,"column":5}}}},"branchMap":{"0":{"loc":{"start":{"line":15,"column":2},"end":{"line":15,"column":25}},"type":"default-arg","locations":[{"start":{"line":15,"column":24},"end":{"line":15,"column":25}}]},"1":{"loc":{"start":{"line":16,"column":2},"end":{"line":16,"column":23}},"type":"default-arg","locations":[{"start":{"line":16,"column":21},"end":{"line":16,"column":23}}]},"2":{"loc":{"start":{"line":19,"column":4},"end":{"line":26,"column":5}},"type":"if","locations":[{"start":{"line":19,"column":4},"end":{"line":26,"column":5}},{"start":{},"end":{}}]},"3":{"loc":{"start":{"line":19,"column":8},"end":{"line":19,"column":31}},"type":"binary-expr","locations":[{"start":{"line":19,"column":8},"end":{"line":19,"column":14}},{"start":{"line":19,"column":18},"end":{"line":19,"column":31}}]},"4":{"loc":{"start":{"line":28,"column":26},"end":{"line":28,"column":45}},"type":"binary-expr","locations":[{"start":{"line":28,"column":26},"end":{"line":28,"column":39}},{"start":{"line":28,"column":43},"end":{"line":28,"column":45}}]},"5":{"loc":{"start":{"line":29,"column":26},"end":{"line":29,"column":49}},"type":"binary-expr","locations":[{"start":{"line":29,"column":26},"end":{"line":29,"column":43}},{"start":{"line":29,"column":47},"end":{"line":29,"column":49}}]},"6":{"loc":{"start":{"line":30,"column":25},"end":{"line":30,"column":47}},"type":"binary-expr","locations":[{"start":{"line":30,"column":25},"end":{"line":30,"column":41}},{"start":{"line":30,"column":45},"end":{"line":30,"column":47}}]},"7":{"loc":{"start":{"line":31,"column":24},"end":{"line":31,"column":41}},"type":"binary-expr","locations":[{"start":{"line":31,"column":24},"end":{"line":31,"column":35}},{"start":{"line":31,"column":39},"end":{"line":31,"column":41}}]},"8":{"loc":{"start":{"line":32,"column":22},"end":{"line":32,"column":67}},"type":"cond-expr","locations":[{"start":{"line":32,"column":42},"end":{"line":32,"column":60}},{"start":{"line":32,"column":63},"end":{"line":32,"column":67}}]},"9":{"loc":{"start":{"line":35,"column":6},"end":{"line":38,"column":47}},"type":"binary-expr","locations":[{"start":{"line":35,"column":6},"end":{"line":35,"column":25}},{"start":{"line":36,"column":6},"end":{"line":36,"column":25}},{"start":{"line":37,"column":6},"end":{"line":37,"column":24}},{"start":{"line":38,"column":7},"end":{"line":38,"column":25}},{"start":{"line":38,"column":29},"end":{"line":38,"column":46}}]},"10":{"loc":{"start":{"line":43,"column":6},"end":{"line":58,"column":7}},"type":"if","locations":[{"start":{"line":43,"column":6},"end":{"line":58,"column":7}},{"start":{},"end":{}}]},"11":{"loc":{"start":{"line":44,"column":27},"end":{"line":44,"column":49}},"type":"binary-expr","locations":[{"start":{"line":44,"column":27},"end":{"line":44,"column":43}},{"start":{"line":44,"column":47},"end":{"line":44,"column":49}}]},"12":{"loc":{"start":{"line":44,"column":27},"end":{"line":44,"column":43}},"type":"cond-expr","locations":[{"start":{"line":44,"column":36},"end":{"line":44,"column":38}},{"start":{"line":44,"column":36},"end":{"line":44,"column":43}}]},"13":{"loc":{"start":{"line":44,"column":27},"end":{"line":44,"column":38}},"type":"binary-expr","locations":[{"start":{"line":44,"column":27},"end":{"line":44,"column":38}},{"start":{"line":44,"column":36},"end":{"line":44,"column":38}}]},"14":{"loc":{"start":{"line":45,"column":26},"end":{"line":45,"column":47}},"type":"binary-expr","locations":[{"start":{"line":45,"column":26},"end":{"line":45,"column":41}},{"start":{"line":45,"column":45},"end":{"line":45,"column":47}}]},"15":{"loc":{"start":{"line":45,"column":26},"end":{"line":45,"column":41}},"type":"cond-expr","locations":[{"start":{"line":45,"column":35},"end":{"line":45,"column":37}},{"start":{"line":45,"column":35},"end":{"line":45,"column":41}}]},"16":{"loc":{"start":{"line":45,"column":26},"end":{"line":45,"column":37}},"type":"binary-expr","locations":[{"start":{"line":45,"column":26},"end":{"line":45,"column":37}},{"start":{"line":45,"column":35},"end":{"line":45,"column":37}}]},"17":{"loc":{"start":{"line":47,"column":23},"end":{"line":47,"column":45}},"type":"binary-expr","locations":[{"start":{"line":47,"column":23},"end":{"line":47,"column":39}},{"start":{"line":47,"column":43},"end":{"line":47,"column":45}}]},"18":{"loc":{"start":{"line":47,"column":23},"end":{"line":47,"column":39}},"type":"cond-expr","locations":[{"start":{"line":47,"column":32},"end":{"line":47,"column":34}},{"start":{"line":47,"column":32},"end":{"line":47,"column":39}}]},"19":{"loc":{"start":{"line":47,"column":23},"end":{"line":47,"column":34}},"type":"binary-expr","locations":[{"start":{"line":47,"column":23},"end":{"line":47,"column":34}},{"start":{"line":47,"column":32},"end":{"line":47,"column":34}}]},"20":{"loc":{"start":{"line":48,"column":30},"end":{"line":48,"column":49}},"type":"cond-expr","locations":[{"start":{"line":48,"column":43},"end":{"line":48,"column":47}},{"start":{"line":48,"column":47},"end":{"line":48,"column":49}}]},"21":{"loc":{"start":{"line":48,"column":30},"end":{"line":48,"column":47}},"type":"binary-expr","locations":[{"start":{"line":48,"column":30},"end":{"line":48,"column":47}},{"start":{"line":48,"column":43},"end":{"line":48,"column":47}}]},"22":{"loc":{"start":{"line":48,"column":30},"end":{"line":48,"column":43}},"type":"cond-expr","locations":[{"start":{"line":48,"column":38},"end":{"line":48,"column":40}},{"start":{"line":48,"column":38},"end":{"line":48,"column":43}}]},"23":{"loc":{"start":{"line":48,"column":30},"end":{"line":48,"column":40}},"type":"binary-expr","locations":[{"start":{"line":48,"column":30},"end":{"line":48,"column":40}},{"start":{"line":48,"column":38},"end":{"line":48,"column":40}}]},"24":{"loc":{"start":{"line":51,"column":10},"end":{"line":55,"column":33}},"type":"binary-expr","locations":[{"start":{"line":51,"column":10},"end":{"line":51,"column":41}},{"start":{"line":52,"column":10},"end":{"line":52,"column":42}},{"start":{"line":53,"column":10},"end":{"line":53,"column":41}},{"start":{"line":54,"column":10},"end":{"line":54,"column":38}},{"start":{"line":55,"column":10},"end":{"line":55,"column":33}}]},"25":{"loc":{"start":{"line":57,"column":8},"end":{"line":57,"column":40}},"type":"if","locations":[{"start":{"line":57,"column":8},"end":{"line":57,"column":40}},{"start":{},"end":{}}]},"26":{"loc":{"start":{"line":61,"column":6},"end":{"line":63,"column":7}},"type":"if","locations":[{"start":{"line":61,"column":6},"end":{"line":63,"column":7}},{"start":{},"end":{}}]},"27":{"loc":{"start":{"line":61,"column":10},"end":{"line":61,"column":79}},"type":"binary-expr","locations":[{"start":{"line":61,"column":10},"end":{"line":61,"column":22}},{"start":{"line":61,"column":26},"end":{"line":61,"column":79}}]},"28":{"loc":{"start":{"line":65,"column":6},"end":{"line":67,"column":7}},"type":"if","locations":[{"start":{"line":65,"column":6},"end":{"line":67,"column":7}},{"start":{},"end":{}}]},"29":{"loc":{"start":{"line":65,"column":10},"end":{"line":65,"column":76}},"type":"binary-expr","locations":[{"start":{"line":65,"column":10},"end":{"line":65,"column":21}},{"start":{"line":65,"column":25},"end":{"line":65,"column":76}}]},"30":{"loc":{"start":{"line":69,"column":6},"end":{"line":73,"column":7}},"type":"if","locations":[{"start":{"line":69,"column":6},"end":{"line":73,"column":7}},{"start":{},"end":{}}]},"31":{"loc":{"start":{"line":69,"column":10},"end":{"line":69,"column":49}},"type":"binary-expr","locations":[{"start":{"line":69,"column":10},"end":{"line":69,"column":28}},{"start":{"line":69,"column":32},"end":{"line":69,"column":49}}]},"32":{"loc":{"start":{"line":70,"column":8},"end":{"line":72,"column":9}},"type":"if","locations":[{"start":{"line":70,"column":8},"end":{"line":72,"column":9}},{"start":{},"end":{}}]},"33":{"loc":{"start":{"line":70,"column":12},"end":{"line":70,"column":25}},"type":"cond-expr","locations":[{"start":{"line":70,"column":20},"end":{"line":70,"column":22}},{"start":{"line":70,"column":20},"end":{"line":70,"column":25}}]},"34":{"loc":{"start":{"line":70,"column":12},"end":{"line":70,"column":22}},"type":"binary-expr","locations":[{"start":{"line":70,"column":12},"end":{"line":70,"column":22}},{"start":{"line":70,"column":20},"end":{"line":70,"column":22}}]}},"s":{"0":2,"1":2,"2":4,"3":4,"4":0,"5":4,"6":4,"7":4,"8":4,"9":4,"10":4,"11":4,"12":100,"13":75,"14":75,"15":75,"16":75,"17":75,"18":75,"19":75,"20":73,"21":27,"22":0,"23":27,"24":0,"25":27,"26":0,"27":0,"28":27,"29":4,"30":4,"31":4,"32":4,"33":4},"f":{"0":4,"1":4,"2":100},"b":{"0":[0],"1":[0],"2":[0,4],"3":[4,4],"4":[4,1],"5":[4,4],"6":[4,4],"7":[4,4],"8":[0,4],"9":[4,1,1,1,0],"10":[75,25],"11":[75,0],"12":[0,75],"13":[75,75],"14":[75,0],"15":[0,75],"16":[75,75],"17":[75,0],"18":[0,75],"19":[75,75],"20":[75,0],"21":[75,75],"22":[0,75],"23":[75,75],"24":[75,73,73,73,73],"25":[73,2],"26":[0,27],"27":[27,0],"28":[0,27],"29":[27,0],"30":[0,27],"31":[27,0],"32":[0,0],"33":[0,0],"34":[0,0]}}
,"C:\\Users\\João\\Documents\\Desafio-Frontend\\src\\hooks\\useUsers.ts": {"path":"C:\\Users\\João\\Documents\\Desafio-Frontend\\src\\hooks\\useUsers.ts","statementMap":{"0":{"start":{"line":5,"column":0},"end":{"line":5,"column":16}},"1":{"start":{"line":1,"column":0},"end":{"line":1,"column":49}},"2":{"start":{"line":2,"column":0},"end":{"line":2,"column":53}},"3":{"start":{"line":6,"column":55},"end":{"line":10,"column":4}},"4":{"start":{"line":8,"column":19},"end":{"line":8,"column":35}},"5":{"start":{"line":12,"column":2},"end":{"line":19,"column":4}}},"fnMap":{"0":{"name":"useUsers","decl":{"start":{"line":5,"column":16},"end":{"line":5,"column":24}},"loc":{"start":{"line":5,"column":24},"end":{"line":20,"column":1}}},"1":{"name":"(anonymous_1)","decl":{"start":{"line":8,"column":13},"end":{"line":8,"column":16}},"loc":{"start":{"line":8,"column":19},"end":{"line":8,"column":35}}}},"branchMap":{"0":{"loc":{"start":{"line":14,"column":14},"end":{"line":14,"column":33}},"type":"cond-expr","locations":[{"start":{"line":14,"column":27},"end":{"line":14,"column":31}},{"start":{"line":14,"column":31},"end":{"line":14,"column":33}}]},"1":{"loc":{"start":{"line":14,"column":14},"end":{"line":14,"column":31}},"type":"binary-expr","locations":[{"start":{"line":14,"column":14},"end":{"line":14,"column":31}},{"start":{"line":14,"column":27},"end":{"line":14,"column":31}}]},"2":{"loc":{"start":{"line":14,"column":14},"end":{"line":14,"column":27}},"type":"cond-expr","locations":[{"start":{"line":14,"column":18},"end":{"line":14,"column":20}},{"start":{"line":14,"column":14},"end":{"line":14,"column":27}}]},"3":{"loc":{"start":{"line":14,"column":14},"end":{"line":14,"column":20}},"type":"binary-expr","locations":[{"start":{"line":14,"column":14},"end":{"line":14,"column":20}},{"start":{"line":14,"column":14},"end":{"line":14,"column":20}}]}},"s":{"0":4,"1":4,"2":4,"3":6,"4":3,"5":6},"f":{"0":6,"1":3},"b":{"0":[3,3],"1":[6,6],"2":[3,3],"3":[6,6]}}
,"C:\\Users\\João\\Documents\\Desafio-Frontend\\src\\pages\\Home\\Home.tsx": {"path":"C:\\Users\\João\\Documents\\Desafio-Frontend\\src\\pages\\Home\\Home.tsx","statementMap":{"0":{"start":{"line":9,"column":0},"end":{"line":9,"column":16}},"1":{"start":{"line":1,"column":0},"end":{"line":1,"column":46}},"2":{"start":{"line":2,"column":0},"end":{"line":2,"column":44}},"3":{"start":{"line":3,"column":0},"end":{"line":3,"column":54}},"4":{"start":{"line":4,"column":0},"end":{"line":4,"column":58}},"5":{"start":{"line":5,"column":0},"end":{"line":5,"column":64}},"6":{"start":{"line":6,"column":0},"end":{"line":6,"column":61}},"7":{"start":{"line":10,"column":40},"end":{"line":10,"column":51}},"8":{"start":{"line":11,"column":32},"end":{"line":13,"column":4}},"9":{"start":{"line":15,"column":43},"end":{"line":15,"column":53}},"10":{"start":{"line":17,"column":23},"end":{"line":25,"column":8}},"11":{"start":{"line":18,"column":4},"end":{"line":24,"column":7}},"12":{"start":{"line":19,"column":6},"end":{"line":21,"column":7}},"13":{"start":{"line":20,"column":8},"end":{"line":20,"column":20}},"14":{"start":{"line":22,"column":6},"end":{"line":22,"column":24}},"15":{"start":{"line":23,"column":6},"end":{"line":23,"column":24}},"16":{"start":{"line":27,"column":41},"end":{"line":27,"column":90}},"17":{"start":{"line":29,"column":2},"end":{"line":44,"column":4}}},"fnMap":{"0":{"name":"Home","decl":{"start":{"line":9,"column":16},"end":{"line":9,"column":20}},"loc":{"start":{"line":9,"column":20},"end":{"line":45,"column":1}}},"1":{"name":"(anonymous_1)","decl":{"start":{"line":17,"column":35},"end":{"line":17,"column":36}},"loc":{"start":{"line":17,"column":65},"end":{"line":25,"column":3}}},"2":{"name":"(anonymous_2)","decl":{"start":{"line":18,"column":15},"end":{"line":18,"column":16}},"loc":{"start":{"line":18,"column":24},"end":{"line":24,"column":5}}}},"branchMap":{"0":{"loc":{"start":{"line":19,"column":6},"end":{"line":21,"column":7}},"type":"if","locations":[{"start":{"line":19,"column":6},"end":{"line":21,"column":7}},{"start":{},"end":{}}]},"1":{"loc":{"start":{"line":36,"column":7},"end":{"line":41,"column":null}},"type":"binary-expr","locations":[{"start":{"line":36,"column":7},"end":{"line":36,"column":17}},{"start":{"line":36,"column":21},"end":{"line":36,"column":29}},{"start":{"line":37,"column":8},"end":{"line":40,"column":null}}]}},"s":{"0":1,"1":1,"2":1,"3":1,"4":1,"5":1,"6":1,"7":4,"8":4,"9":4,"10":4,"11":4,"12":4,"13":4,"14":0,"15":0,"16":4,"17":4},"f":{"0":4,"1":4,"2":4},"b":{"0":[4,0],"1":[4,3,2]}}
,"C:\\Users\\João\\Documents\\Desafio-Frontend\\src\\pages\\NotFound\\NotFound.tsx": {"path":"C:\\Users\\João\\Documents\\Desafio-Frontend\\src\\pages\\NotFound\\NotFound.tsx","statementMap":{"0":{"start":{"line":5,"column":0},"end":{"line":5,"column":16}},"1":{"start":{"line":1,"column":0},"end":{"line":1,"column":40}},"2":{"start":{"line":2,"column":0},"end":{"line":2,"column":38}},"3":{"start":{"line":3,"column":0},"end":{"line":3,"column":44}},"4":{"start":{"line":6,"column":2},"end":{"line":23,"column":4}}},"fnMap":{"0":{"name":"NotFound","decl":{"start":{"line":5,"column":16},"end":{"line":5,"column":24}},"loc":{"start":{"line":5,"column":24},"end":{"line":24,"column":1}}}},"branchMap":{},"s":{"0":2,"1":2,"2":2,"3":2,"4":2},"f":{"0":2},"b":{}}
,"C:\\Users\\João\\Documents\\Desafio-Frontend\\src\\pages\\UserDetails\\UserDetails.tsx": {"path":"C:\\Users\\João\\Documents\\Desafio-Frontend\\src\\pages\\UserDetails\\UserDetails.tsx","statementMap":{"0":{"start":{"line":6,"column":0},"end":{"line":6,"column":16}},"1":{"start":{"line":1,"column":0},"end":{"line":1,"column":58}},"2":{"start":{"line":2,"column":0},"end":{"line":2,"column":42}},"3":{"start":{"line":3,"column":0},"end":{"line":3,"column":53}},"4":{"start":{"line":4,"column":0},"end":{"line":4,"column":47}},"5":{"start":{"line":7,"column":17},"end":{"line":7,"column":44}},"6":{"start":{"line":8,"column":19},"end":{"line":8,"column":32}},"7":{"start":{"line":9,"column":39},"end":{"line":9,"column":56}},"8":{"start":{"line":11,"column":2},"end":{"line":20,"column":3}},"9":{"start":{"line":12,"column":4},"end":{"line":19,"column":6}},"10":{"start":{"line":22,"column":2},"end":{"line":24,"column":3}},"11":{"start":{"line":23,"column":4},"end":{"line":23,"column":24}},"12":{"start":{"line":26,"column":19},"end":{"line":26,"column":57}},"13":{"start":{"line":28,"column":21},"end":{"line":38,"column":3}},"14":{"start":{"line":29,"column":4},"end":{"line":37,"column":5}},"15":{"start":{"line":30,"column":19},"end":{"line":30,"column":39}},"16":{"start":{"line":31,"column":18},"end":{"line":31,"column":57}},"17":{"start":{"line":32,"column":20},"end":{"line":32,"column":64}},"18":{"start":{"line":33,"column":19},"end":{"line":33,"column":37}},"19":{"start":{"line":34,"column":6},"end":{"line":34,"column":39}},"20":{"start":{"line":36,"column":6},"end":{"line":36,"column":24}},"21":{"start":{"line":40,"column":2},"end":{"line":91,"column":4}},"22":{"start":{"line":42,"column":59},"end":{"line":42,"column":71}}},"fnMap":{"0":{"name":"UserDetails","decl":{"start":{"line":6,"column":16},"end":{"line":6,"column":27}},"loc":{"start":{"line":6,"column":27},"end":{"line":92,"column":1}}},"1":{"name":"(anonymous_2)","decl":{"start":{"line":28,"column":21},"end":{"line":28,"column":22}},"loc":{"start":{"line":28,"column":44},"end":{"line":38,"column":3}}},"2":{"name":"(anonymous_3)","decl":{"start":{"line":42,"column":53},"end":{"line":42,"column":56}},"loc":{"start":{"line":42,"column":59},"end":{"line":42,"column":71}}}},"branchMap":{"0":{"loc":{"start":{"line":9,"column":47},"end":{"line":9,"column":55}},"type":"cond-expr","locations":[{"start":{"line":9,"column":47},"end":{"line":9,"column":49}},{"start":{"line":9,"column":53},"end":{"line":9,"column":55}}]},"1":{"loc":{"start":{"line":9,"column":47},"end":{"line":9,"column":53}},"type":"binary-expr","locations":[{"start":{"line":9,"column":47},"end":{"line":9,"column":53}},{"start":{"line":9,"column":47},"end":{"line":9,"column":53}}]},"2":{"loc":{"start":{"line":11,"column":2},"end":{"line":20,"column":3}},"type":"if","locations":[{"start":{"line":11,"column":2},"end":{"line":20,"column":3}},{"start":{},"end":{}}]},"3":{"loc":{"start":{"line":22,"column":2},"end":{"line":24,"column":3}},"type":"if","locations":[{"start":{"line":22,"column":2},"end":{"line":24,"column":3}},{"start":{},"end":{}}]},"4":{"loc":{"start":{"line":22,"column":6},"end":{"line":22,"column":22}},"type":"binary-expr","locations":[{"start":{"line":22,"column":6},"end":{"line":22,"column":13}},{"start":{"line":22,"column":17},"end":{"line":22,"column":22}}]},"5":{"loc":{"start":{"line":81,"column":15},"end":{"line":81,"column":77}},"type":"cond-expr","locations":[{"start":{"line":81,"column":39},"end":{"line":81,"column":71}},{"start":{"line":81,"column":74},"end":{"line":81,"column":77}}]},"6":{"loc":{"start":{"line":81,"column":15},"end":{"line":81,"column":36}},"type":"cond-expr","locations":[{"start":{"line":81,"column":30},"end":{"line":81,"column":32}},{"start":{"line":81,"column":30},"end":{"line":81,"column":36}}]},"7":{"loc":{"start":{"line":81,"column":15},"end":{"line":81,"column":32}},"type":"binary-expr","locations":[{"start":{"line":81,"column":15},"end":{"line":81,"column":32}},{"start":{"line":81,"column":30},"end":{"line":81,"column":32}}]},"8":{"loc":{"start":{"line":86,"column":44},"end":{"line":86,"column":64}},"type":"cond-expr","locations":[{"start":{"line":86,"column":57},"end":{"line":86,"column":61}},{"start":{"line":86,"column":61},"end":{"line":86,"column":64}}]},"9":{"loc":{"start":{"line":86,"column":44},"end":{"line":86,"column":61}},"type":"binary-expr","locations":[{"start":{"line":86,"column":44},"end":{"line":86,"column":61}},{"start":{"line":86,"column":57},"end":{"line":86,"column":61}}]},"10":{"loc":{"start":{"line":86,"column":44},"end":{"line":86,"column":57}},"type":"cond-expr","locations":[{"start":{"line":86,"column":52},"end":{"line":86,"column":54}},{"start":{"line":86,"column":52},"end":{"line":86,"column":57}}]},"11":{"loc":{"start":{"line":86,"column":44},"end":{"line":86,"column":54}},"type":"binary-expr","locations":[{"start":{"line":86,"column":44},"end":{"line":86,"column":54}},{"start":{"line":86,"column":52},"end":{"line":86,"column":54}}]}},"s":{"0":1,"1":1,"2":1,"3":1,"4":1,"5":3,"6":3,"7":3,"8":3,"9":1,"10":2,"11":1,"12":1,"13":1,"14":1,"15":1,"16":1,"17":1,"18":1,"19":1,"20":0,"21":1,"22":0},"f":{"0":3,"1":1,"2":0},"b":{"0":[3,0],"1":[3,3],"2":[1,2],"3":[1,1],"4":[2,1],"5":[1,0],"6":[0,1],"7":[1,1],"8":[1,0],"9":[1,1],"10":[0,1],"11":[1,1]}}
,"C:\\Users\\João\\Documents\\Desafio-Frontend\\src\\services\\userService.ts": {"path":"C:\\Users\\João\\Documents\\Desafio-Frontend\\src\\services\\userService.ts","statementMap":{"0":{"start":{"line":7,"column":0},"end":{"line":7,"column":22}},"1":{"start":{"line":23,"column":0},"end":{"line":23,"column":22}},"2":{"start":{"line":38,"column":0},"end":{"line":38,"column":16}},"3":{"start":{"line":4,"column":17},"end":{"line":4,"column":45}},"4":{"start":{"line":5,"column":21},"end":{"line":5,"column":33}},"5":{"start":{"line":8,"column":2},"end":{"line":21,"column":null}},"6":{"start":{"line":11,"column":14},"end":{"line":11,"column":87}},"7":{"start":{"line":13,"column":19},"end":{"line":13,"column":35}},"8":{"start":{"line":15,"column":2},"end":{"line":17,"column":3}},"9":{"start":{"line":16,"column":4},"end":{"line":16,"column":83}},"10":{"start":{"line":19,"column":35},"end":{"line":19,"column":56}},"11":{"start":{"line":20,"column":2},"end":{"line":20,"column":14}},"12":{"start":{"line":23,"column":34},"end":{"line":34,"column":null}},"13":{"start":{"line":24,"column":14},"end":{"line":24,"column":77}},"14":{"start":{"line":26,"column":19},"end":{"line":26,"column":35}},"15":{"start":{"line":28,"column":2},"end":{"line":30,"column":3}},"16":{"start":{"line":29,"column":4},"end":{"line":29,"column":83}},"17":{"start":{"line":32,"column":35},"end":{"line":32,"column":56}},"18":{"start":{"line":33,"column":2},"end":{"line":33,"column":14}},"19":{"start":{"line":45,"column":2},"end":{"line":51,"column":3}},"20":{"start":{"line":46,"column":4},"end":{"line":46,"column":16}},"21":{"start":{"line":47,"column":4},"end":{"line":47,"column":38}},"22":{"start":{"line":49,"column":4},"end":{"line":49,"column":23}},"23":{"start":{"line":50,"column":4},"end":{"line":50,"column":26}},"24":{"start":{"line":53,"column":21},"end":{"line":53,"column":83}},"25":{"start":{"line":54,"column":2},"end":{"line":54,"column":71}},"26":{"start":{"line":54,"column":45},"end":{"line":54,"column":69}}},"fnMap":{"0":{"name":"getUsers","decl":{"start":{"line":7,"column":22},"end":{"line":7,"column":30}},"loc":{"start":{"line":7,"column":30},"end":{"line":21,"column":null}}},"1":{"name":"(anonymous_8)","decl":{"start":{"line":8,"column":2},"end":{"line":8,"column":17}},"loc":{"start":{"line":9,"column":29},"end":{"line":21,"column":1}}},"2":{"name":"getAllUsers","decl":{"start":{"line":23,"column":22},"end":{"line":23,"column":33}},"loc":{"start":{"line":23,"column":33},"end":{"line":34,"column":null}}},"3":{"name":"(anonymous_10)","decl":{"start":{"line":23,"column":34},"end":{"line":23,"column":55}},"loc":{"start":{"line":23,"column":58},"end":{"line":34,"column":1}}},"4":{"name":"getUserById","decl":{"start":{"line":38,"column":16},"end":{"line":38,"column":27}},"loc":{"start":{"line":40,"column":28},"end":{"line":55,"column":1}}},"5":{"name":"(anonymous_12)","decl":{"start":{"line":54,"column":35},"end":{"line":54,"column":36}},"loc":{"start":{"line":54,"column":45},"end":{"line":54,"column":69}}}},"branchMap":{"0":{"loc":{"start":{"line":8,"column":2},"end":{"line":8,"column":18}},"type":"default-arg","locations":[{"start":{"line":8,"column":17},"end":{"line":8,"column":18}}]},"1":{"loc":{"start":{"line":9,"column":2},"end":{"line":9,"column":29}},"type":"default-arg","locations":[{"start":{"line":9,"column":27},"end":{"line":9,"column":29}}]},"2":{"loc":{"start":{"line":15,"column":2},"end":{"line":17,"column":3}},"type":"if","locations":[{"start":{"line":15,"column":2},"end":{"line":17,"column":3}},{"start":{},"end":{}}]},"3":{"loc":{"start":{"line":23,"column":34},"end":{"line":23,"column":58}},"type":"default-arg","locations":[{"start":{"line":23,"column":55},"end":{"line":23,"column":58}}]},"4":{"loc":{"start":{"line":28,"column":2},"end":{"line":30,"column":3}},"type":"if","locations":[{"start":{"line":28,"column":2},"end":{"line":30,"column":3}},{"start":{},"end":{}}]},"5":{"loc":{"start":{"line":45,"column":2},"end":{"line":51,"column":3}},"type":"if","locations":[{"start":{"line":45,"column":2},"end":{"line":51,"column":3}},{"start":{"line":48,"column":9},"end":{"line":51,"column":3}}]},"6":{"loc":{"start":{"line":54,"column":9},"end":{"line":54,"column":70}},"type":"cond-expr","locations":[{"start":{"line":54,"column":28},"end":{"line":54,"column":30}},{"start":{"line":54,"column":28},"end":{"line":54,"column":70}}]},"7":{"loc":{"start":{"line":54,"column":9},"end":{"line":54,"column":30}},"type":"binary-expr","locations":[{"start":{"line":54,"column":9},"end":{"line":54,"column":30}},{"start":{"line":54,"column":28},"end":{"line":54,"column":30}}]},"8":{"loc":{"start":{"line":54,"column":9},"end":{"line":54,"column":28}},"type":"cond-expr","locations":[{"start":{"line":54,"column":19},"end":{"line":54,"column":21}},{"start":{"line":54,"column":9},"end":{"line":54,"column":28}}]},"9":{"loc":{"start":{"line":54,"column":9},"end":{"line":54,"column":21}},"type":"binary-expr","locations":[{"start":{"line":54,"column":9},"end":{"line":54,"column":21}},{"start":{"line":54,"column":9},"end":{"line":54,"column":21}}]}},"s":{"0":5,"1":5,"2":5,"3":5,"4":5,"5":2,"6":2,"7":2,"8":2,"9":1,"10":1,"11":1,"12":0,"13":0,"14":0,"15":0,"16":0,"17":0,"18":0,"19":3,"20":0,"21":0,"22":3,"23":3,"24":3,"25":3,"26":1},"f":{"0":2,"1":2,"2":0,"3":0,"4":3,"5":1},"b":{"0":[0],"1":[0],"2":[1,1],"3":[0],"4":[0,0],"5":[0,3],"6":[1,2],"7":[3,3],"8":[1,2],"9":[3,3]}}
}
