TN:
SF:src\components\EmptyState\EmptyState.tsx
FN:8,EmptyState
FNF:1
FNH:1
FNDA:5,EmptyState
DA:1,3
DA:8,3
DA:12,5
LF:3
LH:3
BRDA:9,0,0,4
BRDA:10,1,0,4
BRF:2
BRH:2
end_of_record
TN:
SF:src\components\Pagination\Pagination.tsx
FN:9,Pagination
FN:10,(anonymous_2)
FN:28,(anonymous_3)
FN:34,(anonymous_4)
FN:54,(anonymous_5)
FN:61,(anonymous_6)
FNF:6
FNH:6
FNDA:6,Pagination
FNDA:6,(anonymous_2)
FNDA:1,(anonymous_3)
FNDA:1,(anonymous_4)
FNDA:23,(anonymous_5)
FNDA:1,(anonymous_6)
DA:1,2
DA:9,2
DA:10,6
DA:11,6
DA:12,6
DA:14,6
DA:15,6
DA:17,6
DA:18,2
DA:21,6
DA:22,23
DA:25,6
DA:28,6
DA:29,1
DA:30,1
DA:34,6
DA:35,1
DA:36,1
DA:40,6
DA:42,6
DA:55,23
DA:56,23
DA:61,1
LF:23
LH:23
BRDA:9,0,0,0
BRDA:17,1,0,2
BRDA:17,1,1,4
BRDA:29,2,0,1
BRDA:29,2,1,0
BRDA:35,3,0,1
BRDA:35,3,1,0
BRDA:60,4,0,5
BRDA:60,4,1,18
BRDA:62,5,0,5
BRDA:62,5,1,18
BRF:11
BRH:8
end_of_record
TN:
SF:src\components\SearchBar\SearchBar.tsx
FN:11,SearchBar
FN:17,(anonymous_2)
FN:21,(anonymous_3)
FN:28,(anonymous_4)
FN:36,(anonymous_5)
FNF:5
FNH:4
FNDA:8,SearchBar
FNDA:6,(anonymous_2)
FNDA:7,(anonymous_3)
FNDA:0,(anonymous_4)
FNDA:1,(anonymous_5)
DA:1,2
DA:3,2
DA:4,2
DA:11,2
DA:12,8
DA:14,8
DA:16,8
DA:17,8
DA:18,6
DA:21,8
DA:22,7
DA:27,8
DA:28,0
DA:36,1
LF:14
LH:13
BRDA:12,0,0,0
BRDA:12,0,1,8
BRDA:12,1,0,8
BRDA:12,1,1,8
BRDA:12,2,0,8
BRDA:12,2,1,0
BRDA:12,3,0,8
BRDA:12,3,1,8
BRF:8
BRH:6
end_of_record
TN:
SF:src\components\TestCard\TestCard.tsx
FN:3,TestCard
FNF:1
FNH:1
FNDA:1,TestCard
DA:1,1
DA:3,1
DA:4,1
LF:3
LH:3
BRF:0
BRH:0
end_of_record
TN:
SF:src\components\UserList\UserList.tsx
FN:14,UserList
FN:56,(anonymous_2)
FN:91,(anonymous_3)
FN:115,(anonymous_4)
FNF:4
FNH:4
FNDA:8,UserList
FNDA:10,(anonymous_2)
FNDA:2,(anonymous_3)
FNDA:2,(anonymous_4)
DA:1,2
DA:2,2
DA:4,2
DA:5,2
DA:14,2
DA:20,8
DA:22,8
DA:32,8
DA:36,8
DA:37,2
DA:40,6
DA:41,2
DA:57,10
DA:87,4
DA:88,3
DA:91,1
DA:92,2
DA:93,2
DA:94,2
DA:96,0
DA:100,1
DA:116,2
DA:117,2
DA:119,2
LF:24
LH:23
BRDA:15,0,0,2
BRDA:16,1,0,3
BRDA:17,2,0,3
BRDA:18,3,0,7
BRDA:33,4,0,0
BRDA:33,4,1,8
BRDA:36,5,0,2
BRDA:36,5,1,6
BRDA:40,6,0,2
BRDA:40,6,1,4
BRDA:87,7,0,3
BRDA:87,7,1,1
BRDA:116,8,0,2
BRDA:116,8,1,0
BRDA:117,9,0,2
BRDA:117,9,1,0
BRDA:117,10,0,0
BRDA:117,10,1,2
BRDA:117,11,0,2
BRDA:117,11,1,2
BRDA:126,12,0,2
BRDA:126,12,1,0
BRDA:128,13,0,2
BRDA:128,13,1,0
BRDA:128,14,0,2
BRDA:128,14,1,2
BRDA:128,15,0,0
BRDA:128,15,1,2
BRDA:128,16,0,2
BRDA:128,16,1,2
BRF:30
BRH:23
end_of_record
TN:
SF:src\hooks\useDebounce.ts
FN:3,useDebounce
FN:6,(anonymous_1)
FN:7,(anonymous_2)
FN:11,(anonymous_3)
FNF:4
FNH:4
FNDA:12,useDebounce
FNDA:10,(anonymous_1)
FNDA:2,(anonymous_2)
FNDA:10,(anonymous_3)
DA:1,3
DA:3,3
DA:4,12
DA:6,12
DA:7,10
DA:8,2
DA:11,10
DA:12,10
DA:16,12
LF:9
LH:9
BRDA:3,0,0,0
BRF:1
BRH:0
end_of_record
TN:
SF:src\hooks\useUser.ts
FN:6,useUser
FNF:1
FNH:1
FNDA:4,useUser
DA:1,2
DA:2,2
DA:3,2
DA:6,2
DA:7,4
DA:8,4
DA:10,4
DA:12,4
LF:8
LH:8
BRF:0
BRH:0
end_of_record
TN:
SF:src\hooks\useUserSearch.ts
FN:12,useUserSearch
FN:18,(anonymous_1)
FN:41,(anonymous_2)
FNF:3
FNH:3
FNDA:4,useUserSearch
FNDA:4,(anonymous_1)
FNDA:100,(anonymous_2)
DA:1,2
DA:12,2
DA:18,4
DA:19,4
DA:20,0
DA:28,4
DA:29,4
DA:30,4
DA:31,4
DA:32,4
DA:35,4
DA:41,4
DA:43,100
DA:44,75
DA:45,75
DA:46,75
DA:47,75
DA:48,75
DA:51,75
DA:57,75
DA:61,27
DA:62,0
DA:65,27
DA:66,0
DA:69,27
DA:70,0
DA:71,0
DA:75,27
DA:78,4
DA:79,4
DA:81,4
DA:82,4
DA:84,4
LF:33
LH:28
BRDA:15,0,0,0
BRDA:16,1,0,0
BRDA:19,2,0,0
BRDA:19,2,1,4
BRDA:19,3,0,4
BRDA:19,3,1,4
BRDA:28,4,0,4
BRDA:28,4,1,1
BRDA:29,5,0,4
BRDA:29,5,1,4
BRDA:30,6,0,4
BRDA:30,6,1,4
BRDA:31,7,0,4
BRDA:31,7,1,4
BRDA:32,8,0,0
BRDA:32,8,1,4
BRDA:35,9,0,4
BRDA:35,9,1,1
BRDA:35,9,2,1
BRDA:35,9,3,1
BRDA:35,9,4,0
BRDA:43,10,0,75
BRDA:43,10,1,25
BRDA:44,11,0,75
BRDA:44,11,1,0
BRDA:44,12,0,0
BRDA:44,12,1,75
BRDA:44,13,0,75
BRDA:44,13,1,75
BRDA:45,14,0,75
BRDA:45,14,1,0
BRDA:45,15,0,0
BRDA:45,15,1,75
BRDA:45,16,0,75
BRDA:45,16,1,75
BRDA:47,17,0,75
BRDA:47,17,1,0
BRDA:47,18,0,0
BRDA:47,18,1,75
BRDA:47,19,0,75
BRDA:47,19,1,75
BRDA:48,20,0,75
BRDA:48,20,1,0
BRDA:48,21,0,75
BRDA:48,21,1,75
BRDA:48,22,0,0
BRDA:48,22,1,75
BRDA:48,23,0,75
BRDA:48,23,1,75
BRDA:51,24,0,75
BRDA:51,24,1,73
BRDA:51,24,2,73
BRDA:51,24,3,73
BRDA:51,24,4,73
BRDA:57,25,0,73
BRDA:57,25,1,2
BRDA:61,26,0,0
BRDA:61,26,1,27
BRDA:61,27,0,27
BRDA:61,27,1,0
BRDA:65,28,0,0
BRDA:65,28,1,27
BRDA:65,29,0,27
BRDA:65,29,1,0
BRDA:69,30,0,0
BRDA:69,30,1,27
BRDA:69,31,0,27
BRDA:69,31,1,0
BRDA:70,32,0,0
BRDA:70,32,1,0
BRDA:70,33,0,0
BRDA:70,33,1,0
BRDA:70,34,0,0
BRDA:70,34,1,0
BRF:74
BRH:49
end_of_record
TN:
SF:src\hooks\useUsers.ts
FN:5,useUsers
FN:8,(anonymous_1)
FNF:2
FNH:2
FNDA:6,useUsers
FNDA:3,(anonymous_1)
DA:1,4
DA:2,4
DA:5,4
DA:6,6
DA:8,3
DA:12,6
LF:6
LH:6
BRDA:14,0,0,3
BRDA:14,0,1,3
BRDA:14,1,0,6
BRDA:14,1,1,6
BRDA:14,2,0,3
BRDA:14,2,1,3
BRDA:14,3,0,6
BRDA:14,3,1,6
BRF:8
BRH:8
end_of_record
TN:
SF:src\pages\Home\Home.tsx
FN:9,Home
FN:17,(anonymous_1)
FN:18,(anonymous_2)
FNF:3
FNH:3
FNDA:4,Home
FNDA:4,(anonymous_1)
FNDA:4,(anonymous_2)
DA:1,1
DA:2,1
DA:3,1
DA:4,1
DA:5,1
DA:6,1
DA:9,1
DA:10,4
DA:11,4
DA:15,4
DA:17,4
DA:18,4
DA:19,4
DA:20,4
DA:22,0
DA:23,0
DA:27,4
DA:29,4
LF:18
LH:16
BRDA:19,0,0,4
BRDA:19,0,1,0
BRDA:36,1,0,4
BRDA:36,1,1,3
BRDA:36,1,2,2
BRF:5
BRH:4
end_of_record
TN:
SF:src\pages\NotFound\NotFound.tsx
FN:5,NotFound
FNF:1
FNH:1
FNDA:2,NotFound
DA:1,2
DA:2,2
DA:3,2
DA:5,2
DA:6,2
LF:5
LH:5
BRF:0
BRH:0
end_of_record
TN:
SF:src\pages\UserDetails\UserDetails.tsx
FN:6,UserDetails
FN:28,(anonymous_2)
FN:42,(anonymous_3)
FNF:3
FNH:2
FNDA:3,UserDetails
FNDA:1,(anonymous_2)
FNDA:0,(anonymous_3)
DA:1,1
DA:2,1
DA:3,1
DA:4,1
DA:6,1
DA:7,3
DA:8,3
DA:9,3
DA:11,3
DA:12,1
DA:22,2
DA:23,1
DA:26,1
DA:28,1
DA:29,1
DA:30,1
DA:31,1
DA:32,1
DA:33,1
DA:34,1
DA:36,0
DA:40,1
DA:42,0
LF:23
LH:21
BRDA:9,0,0,3
BRDA:9,0,1,0
BRDA:9,1,0,3
BRDA:9,1,1,3
BRDA:11,2,0,1
BRDA:11,2,1,2
BRDA:22,3,0,1
BRDA:22,3,1,1
BRDA:22,4,0,2
BRDA:22,4,1,1
BRDA:81,5,0,1
BRDA:81,5,1,0
BRDA:81,6,0,0
BRDA:81,6,1,1
BRDA:81,7,0,1
BRDA:81,7,1,1
BRDA:86,8,0,1
BRDA:86,8,1,0
BRDA:86,9,0,1
BRDA:86,9,1,1
BRDA:86,10,0,0
BRDA:86,10,1,1
BRDA:86,11,0,1
BRDA:86,11,1,1
BRF:24
BRH:19
end_of_record
TN:
SF:src\services\userService.ts
FN:7,getUsers
FN:8,(anonymous_8)
FN:23,getAllUsers
FN:23,(anonymous_10)
FN:38,getUserById
FN:54,(anonymous_12)
FNF:6
FNH:4
FNDA:2,getUsers
FNDA:2,(anonymous_8)
FNDA:0,getAllUsers
FNDA:0,(anonymous_10)
FNDA:3,getUserById
FNDA:1,(anonymous_12)
DA:4,5
DA:5,5
DA:7,5
DA:8,2
DA:11,2
DA:13,2
DA:15,2
DA:16,1
DA:19,1
DA:20,1
DA:23,5
DA:24,0
DA:26,0
DA:28,0
DA:29,0
DA:32,0
DA:33,0
DA:38,5
DA:45,3
DA:46,0
DA:47,0
DA:49,3
DA:50,3
DA:53,3
DA:54,3
LF:25
LH:17
BRDA:8,0,0,0
BRDA:9,1,0,0
BRDA:15,2,0,1
BRDA:15,2,1,1
BRDA:23,3,0,0
BRDA:28,4,0,0
BRDA:28,4,1,0
BRDA:45,5,0,0
BRDA:45,5,1,3
BRDA:54,6,0,1
BRDA:54,6,1,2
BRDA:54,7,0,3
BRDA:54,7,1,3
BRDA:54,8,0,1
BRDA:54,8,1,2
BRDA:54,9,0,3
BRDA:54,9,1,3
BRF:17
BRH:11
end_of_record
